Using pre-set license
Built from '2020.3/staging' branch; Version is '2020.3.6f1 (338bb68529b2) revision 3378102'; Using compiler version '192528614'; Build Type 'Release'
OS: 'Windows 10 Pro; OS build 19042.928; Version 2009; 64bit' Language: 'en' Physical Memory: 8150 MB
BatchMode: 1, IsHumanControllingUs: 0, StartBugReporterOnCrash: 0, Is64bit: 1, IsPro: 0

 COMMAND LINE ARGUMENTS:
C:\Program Files\Unity\Hub\Editor\2020.3.6f1\Editor\Unity.exe
-adb2
-batchMode
-noUpm
-name
AssetImportWorker0
-projectPath
D:/unity/ProjectBoost
-logFile
Logs/AssetImportWorker0.log
-srvPort
49726
Successfully changed project path to: D:/unity/ProjectBoost
D:/unity/ProjectBoost
Using Asset Import Pipeline V2.
Refreshing native plugins compatible for Editor in 33.05 ms, found 0 plugins.
Preloading 0 native plugins for Editor in 0.00 ms.
Initialize engine version: 2020.3.6f1 (338bb68529b2)
[Subsystems] Discovering subsystems at path C:/Program Files/Unity/Hub/Editor/2020.3.6f1/Editor/Data/Resources/UnitySubsystems
[Subsystems] Discovering subsystems at path D:/unity/ProjectBoost/Assets
GfxDevice: creating device client; threaded=0
Direct3D:
    Version:  Direct3D 11.0 [level 11.0]
    Renderer: NVIDIA GeForce GT 710 (ID=0x128b)
    Vendor:   
    VRAM:     2007 MB
    Driver:   27.21.14.5671
Initialize mono
Mono path[0] = 'C:/Program Files/Unity/Hub/Editor/2020.3.6f1/Editor/Data/Managed'
Mono path[1] = 'C:/Program Files/Unity/Hub/Editor/2020.3.6f1/Editor/Data/MonoBleedingEdge/lib/mono/unityjit'
Mono config path = 'C:/Program Files/Unity/Hub/Editor/2020.3.6f1/Editor/Data/MonoBleedingEdge/etc'
Using monoOptions --debugger-agent=transport=dt_socket,embedding=1,server=y,suspend=n,address=127.0.0.1:56296
Begin MonoManager ReloadAssembly
Registering precompiled unity dll's ...
Register platform support module: C:/Program Files/Unity/Hub/Editor/2020.3.6f1/Editor/Data/PlaybackEngines/WindowsStandaloneSupport/UnityEditor.WindowsStandalone.Extensions.dll
Registered in 0.004043 seconds.
Native extension for WindowsStandalone target not found
Refreshing native plugins compatible for Editor in 43.48 ms, found 0 plugins.
Preloading 0 native plugins for Editor in 0.00 ms.
Mono: successfully reloaded assembly
- Completed reload, in  4.303 seconds
Platform modules already initialized, skipping
Registering precompiled user dll's ...
Registered in 0.001002 seconds.
Begin MonoManager ReloadAssembly
Native extension for WindowsStandalone target not found
Refreshing native plugins compatible for Editor in 0.34 ms, found 0 plugins.
Preloading 0 native plugins for Editor in 0.00 ms.
Mono: successfully reloaded assembly
- Completed reload, in  7.627 seconds
Platform modules already initialized, skipping
========================================================================
Worker process is ready to serve import requests
Launched and connected shader compiler UnityShaderCompiler.exe after 0.26 seconds
Refreshing native plugins compatible for Editor in 0.52 ms, found 0 plugins.
Preloading 0 native plugins for Editor in 0.00 ms.
Unloading 1119 Unused Serialized files (Serialized files now loaded: 0)
System memory in use before: 57.4 MB.
System memory in use after: 57.4 MB.

Unloading 10 unused Assets to reduce memory usage. Loaded Objects now: 1561.
Total: 5.634100 ms (FindLiveObjects: 0.193300 ms CreateObjectMapping: 0.063500 ms MarkObjects: 5.137300 ms  DeleteObjects: 0.237700 ms)

========================================================================
Received Import Request.
  path: Assets/Scripts/Oscillator.cs
  artifactKey: Guid(d0d7ab484c1558c498709a0339d2b8b9) Importer(815301076,1909f56bfc062723c751e8b465ee728b)
Start importing Assets/Scripts/Oscillator.cs using Guid(d0d7ab484c1558c498709a0339d2b8b9) Importer(815301076,1909f56bfc062723c751e8b465ee728b)  -> (artifact id: '9e22e3ac91243ad65f6e821c2bc0ff47') in 2.328851 seconds
  Import took 2.526887 seconds .

========================================================================
Received Import Request.
  Time since last request: 0.078263 seconds.
  path: Assets/Scripts/CollisionHandler.cs
  artifactKey: Guid(bfa528c3a8efcd848a61d95d43197f04) Importer(815301076,1909f56bfc062723c751e8b465ee728b)
Start importing Assets/Scripts/CollisionHandler.cs using Guid(bfa528c3a8efcd848a61d95d43197f04) Importer(815301076,1909f56bfc062723c751e8b465ee728b)  -> (artifact id: '75d85e58ab9d850dbf6bbff93b191834') in 0.217962 seconds
  Import took 0.233669 seconds .

========================================================================
Received Prepare
Registering precompiled user dll's ...
Registered in 0.000724 seconds.
Begin MonoManager ReloadAssembly
Native extension for WindowsStandalone target not found
Refreshing native plugins compatible for Editor in 0.28 ms, found 0 plugins.
Preloading 0 native plugins for Editor in 0.00 ms.
Mono: successfully reloaded assembly
- Completed reload, in  1.041 seconds
Platform modules already initialized, skipping
Refreshing native plugins compatible for Editor in 0.27 ms, found 0 plugins.
Preloading 0 native plugins for Editor in 0.00 ms.
Unloading 1114 Unused Serialized files (Serialized files now loaded: 0)
System memory in use before: 57.3 MB.
System memory in use after: 57.4 MB.

Unloading 5 unused Assets to reduce memory usage. Loaded Objects now: 1564.
Total: 1.951300 ms (FindLiveObjects: 0.169000 ms CreateObjectMapping: 0.057400 ms MarkObjects: 1.654300 ms  DeleteObjects: 0.069100 ms)

========================================================================
Received Prepare
Registering precompiled user dll's ...
Registered in 0.000779 seconds.
Begin MonoManager ReloadAssembly
Native extension for WindowsStandalone target not found
Refreshing native plugins compatible for Editor in 0.27 ms, found 0 plugins.
Preloading 0 native plugins for Editor in 0.00 ms.
Mono: successfully reloaded assembly
- Completed reload, in  1.349 seconds
Platform modules already initialized, skipping
Refreshing native plugins compatible for Editor in 0.31 ms, found 0 plugins.
Preloading 0 native plugins for Editor in 0.00 ms.
Unloading 1114 Unused Serialized files (Serialized files now loaded: 0)
System memory in use before: 57.3 MB.
System memory in use after: 57.4 MB.

Unloading 5 unused Assets to reduce memory usage. Loaded Objects now: 1567.
Total: 1.995200 ms (FindLiveObjects: 0.203200 ms CreateObjectMapping: 0.064500 ms MarkObjects: 1.653900 ms  DeleteObjects: 0.071400 ms)

========================================================================
Received Prepare
Registering precompiled user dll's ...
Registered in 0.000726 seconds.
Begin MonoManager ReloadAssembly
Native extension for WindowsStandalone target not found
Refreshing native plugins compatible for Editor in 0.27 ms, found 0 plugins.
Preloading 0 native plugins for Editor in 0.00 ms.
Mono: successfully reloaded assembly
- Completed reload, in  1.335 seconds
Platform modules already initialized, skipping
Refreshing native plugins compatible for Editor in 0.26 ms, found 0 plugins.
Preloading 0 native plugins for Editor in 0.00 ms.
Unloading 1114 Unused Serialized files (Serialized files now loaded: 0)
System memory in use before: 57.3 MB.
System memory in use after: 57.4 MB.

Unloading 5 unused Assets to reduce memory usage. Loaded Objects now: 1570.
Total: 2.407000 ms (FindLiveObjects: 0.223200 ms CreateObjectMapping: 0.068900 ms MarkObjects: 2.035800 ms  DeleteObjects: 0.077200 ms)

========================================================================
Received Prepare
Registering precompiled user dll's ...
Registered in 0.000789 seconds.
Begin MonoManager ReloadAssembly
Native extension for WindowsStandalone target not found
Refreshing native plugins compatible for Editor in 0.28 ms, found 0 plugins.
Preloading 0 native plugins for Editor in 0.00 ms.
Mono: successfully reloaded assembly
- Completed reload, in  1.917 seconds
Platform modules already initialized, skipping
Refreshing native plugins compatible for Editor in 0.28 ms, found 0 plugins.
Preloading 0 native plugins for Editor in 0.00 ms.
Unloading 1114 Unused Serialized files (Serialized files now loaded: 0)
System memory in use before: 57.3 MB.
System memory in use after: 57.4 MB.

Unloading 5 unused Assets to reduce memory usage. Loaded Objects now: 1573.
Total: 2.506000 ms (FindLiveObjects: 0.204300 ms CreateObjectMapping: 0.063900 ms MarkObjects: 2.163800 ms  DeleteObjects: 0.071400 ms)

========================================================================
Received Prepare
Registering precompiled user dll's ...
Registered in 0.000877 seconds.
Begin MonoManager ReloadAssembly
Native extension for WindowsStandalone target not found
Refreshing native plugins compatible for Editor in 0.32 ms, found 0 plugins.
Preloading 0 native plugins for Editor in 0.00 ms.
Mono: successfully reloaded assembly
- Completed reload, in  2.170 seconds
Platform modules already initialized, skipping
Refreshing native plugins compatible for Editor in 0.27 ms, found 0 plugins.
Preloading 0 native plugins for Editor in 0.00 ms.
Unloading 1114 Unused Serialized files (Serialized files now loaded: 0)
System memory in use before: 57.3 MB.
System memory in use after: 57.4 MB.

Unloading 5 unused Assets to reduce memory usage. Loaded Objects now: 1576.
Total: 2.015300 ms (FindLiveObjects: 0.173800 ms CreateObjectMapping: 0.060000 ms MarkObjects: 1.636800 ms  DeleteObjects: 0.142700 ms)

========================================================================
Received Prepare
Registering precompiled user dll's ...
Registered in 0.000910 seconds.
Begin MonoManager ReloadAssembly
Native extension for WindowsStandalone target not found
Refreshing native plugins compatible for Editor in 0.27 ms, found 0 plugins.
Preloading 0 native plugins for Editor in 0.00 ms.
Mono: successfully reloaded assembly
- Completed reload, in  1.861 seconds
Platform modules already initialized, skipping
Refreshing native plugins compatible for Editor in 0.27 ms, found 0 plugins.
Preloading 0 native plugins for Editor in 0.00 ms.
Unloading 1114 Unused Serialized files (Serialized files now loaded: 0)
System memory in use before: 57.3 MB.
System memory in use after: 57.4 MB.

Unloading 5 unused Assets to reduce memory usage. Loaded Objects now: 1579.
Total: 1.930000 ms (FindLiveObjects: 0.174100 ms CreateObjectMapping: 0.058300 ms MarkObjects: 1.633600 ms  DeleteObjects: 0.062200 ms)

========================================================================
Received Prepare
Registering precompiled user dll's ...
Registered in 0.000693 seconds.
Begin MonoManager ReloadAssembly
Native extension for WindowsStandalone target not found
Refreshing native plugins compatible for Editor in 0.27 ms, found 0 plugins.
Preloading 0 native plugins for Editor in 0.00 ms.
Mono: successfully reloaded assembly
- Completed reload, in  1.738 seconds
Platform modules already initialized, skipping
Refreshing native plugins compatible for Editor in 0.28 ms, found 0 plugins.
Preloading 0 native plugins for Editor in 0.00 ms.
Unloading 1114 Unused Serialized files (Serialized files now loaded: 0)
System memory in use before: 57.3 MB.
System memory in use after: 57.4 MB.

Unloading 5 unused Assets to reduce memory usage. Loaded Objects now: 1582.
Total: 3.258800 ms (FindLiveObjects: 0.247200 ms CreateObjectMapping: 0.071400 ms MarkObjects: 2.860000 ms  DeleteObjects: 0.077900 ms)

========================================================================
Received Prepare
Registering precompiled user dll's ...
Registered in 0.008453 seconds.
Begin MonoManager ReloadAssembly
Native extension for WindowsStandalone target not found
Refreshing native plugins compatible for Editor in 0.51 ms, found 0 plugins.
Preloading 0 native plugins for Editor in 0.00 ms.
Mono: successfully reloaded assembly
- Completed reload, in  1.821 seconds
Platform modules already initialized, skipping
Refreshing native plugins compatible for Editor in 0.26 ms, found 0 plugins.
Preloading 0 native plugins for Editor in 0.00 ms.
Unloading 1114 Unused Serialized files (Serialized files now loaded: 0)
System memory in use before: 57.4 MB.
System memory in use after: 57.4 MB.

Unloading 5 unused Assets to reduce memory usage. Loaded Objects now: 1585.
Total: 1.865000 ms (FindLiveObjects: 0.158200 ms CreateObjectMapping: 0.054500 ms MarkObjects: 1.582400 ms  DeleteObjects: 0.068300 ms)

========================================================================
Received Prepare
Registering precompiled user dll's ...
Registered in 0.000758 seconds.
Begin MonoManager ReloadAssembly
Native extension for WindowsStandalone target not found
Refreshing native plugins compatible for Editor in 0.32 ms, found 0 plugins.
Preloading 0 native plugins for Editor in 0.00 ms.
Mono: successfully reloaded assembly
- Completed reload, in  1.934 seconds
Platform modules already initialized, skipping
Refreshing native plugins compatible for Editor in 0.34 ms, found 0 plugins.
Preloading 0 native plugins for Editor in 0.00 ms.
Unloading 1114 Unused Serialized files (Serialized files now loaded: 0)
System memory in use before: 57.4 MB.
System memory in use after: 57.4 MB.

Unloading 5 unused Assets to reduce memory usage. Loaded Objects now: 1588.
Total: 2.399500 ms (FindLiveObjects: 0.580800 ms CreateObjectMapping: 0.086600 ms MarkObjects: 1.655500 ms  DeleteObjects: 0.073800 ms)

========================================================================
Received Prepare
Registering precompiled user dll's ...
Registered in 0.000804 seconds.
Begin MonoManager ReloadAssembly
Native extension for WindowsStandalone target not found
Refreshing native plugins compatible for Editor in 0.62 ms, found 0 plugins.
Preloading 0 native plugins for Editor in 0.00 ms.
Mono: successfully reloaded assembly
- Completed reload, in  2.449 seconds
Platform modules already initialized, skipping
Refreshing native plugins compatible for Editor in 0.26 ms, found 0 plugins.
Preloading 0 native plugins for Editor in 0.00 ms.
Unloading 1114 Unused Serialized files (Serialized files now loaded: 0)
System memory in use before: 57.4 MB.
System memory in use after: 57.4 MB.

Unloading 5 unused Assets to reduce memory usage. Loaded Objects now: 1591.
Total: 1.916900 ms (FindLiveObjects: 0.153500 ms CreateObjectMapping: 0.055200 ms MarkObjects: 1.638400 ms  DeleteObjects: 0.068500 ms)

========================================================================
Received Prepare
Registering precompiled user dll's ...
Registered in 0.000742 seconds.
Begin MonoManager ReloadAssembly
Native extension for WindowsStandalone target not found
Refreshing native plugins compatible for Editor in 0.27 ms, found 0 plugins.
Preloading 0 native plugins for Editor in 0.00 ms.
Mono: successfully reloaded assembly
- Completed reload, in  1.227 seconds
Platform modules already initialized, skipping
Refreshing native plugins compatible for Editor in 0.29 ms, found 0 plugins.
Preloading 0 native plugins for Editor in 0.00 ms.
Unloading 1114 Unused Serialized files (Serialized files now loaded: 0)
System memory in use before: 57.4 MB.
System memory in use after: 57.4 MB.

Unloading 5 unused Assets to reduce memory usage. Loaded Objects now: 1594.
Total: 6.224600 ms (FindLiveObjects: 0.160600 ms CreateObjectMapping: 0.074700 ms MarkObjects: 5.884200 ms  DeleteObjects: 0.103200 ms)

========================================================================
Received Prepare
Registering precompiled user dll's ...
Registered in 0.000715 seconds.
Begin MonoManager ReloadAssembly
Native extension for WindowsStandalone target not found
Refreshing native plugins compatible for Editor in 0.26 ms, found 0 plugins.
Preloading 0 native plugins for Editor in 0.00 ms.
Mono: successfully reloaded assembly
- Completed reload, in  1.012 seconds
Platform modules already initialized, skipping
Refreshing native plugins compatible for Editor in 0.27 ms, found 0 plugins.
Preloading 0 native plugins for Editor in 0.00 ms.
Unloading 1114 Unused Serialized files (Serialized files now loaded: 0)
System memory in use before: 57.4 MB.
System memory in use after: 57.4 MB.

Unloading 5 unused Assets to reduce memory usage. Loaded Objects now: 1597.
Total: 2.077500 ms (FindLiveObjects: 0.189100 ms CreateObjectMapping: 0.062200 ms MarkObjects: 1.757600 ms  DeleteObjects: 0.067100 ms)

========================================================================
Received Prepare
Registering precompiled user dll's ...
Registered in 0.000778 seconds.
Begin MonoManager ReloadAssembly
Native extension for WindowsStandalone target not found
Refreshing native plugins compatible for Editor in 0.26 ms, found 0 plugins.
Preloading 0 native plugins for Editor in 0.00 ms.
Mono: successfully reloaded assembly
- Completed reload, in  1.215 seconds
Platform modules already initialized, skipping
Refreshing native plugins compatible for Editor in 0.26 ms, found 0 plugins.
Preloading 0 native plugins for Editor in 0.00 ms.
Unloading 1114 Unused Serialized files (Serialized files now loaded: 0)
System memory in use before: 57.4 MB.
System memory in use after: 57.5 MB.

Unloading 5 unused Assets to reduce memory usage. Loaded Objects now: 1600.
Total: 2.209100 ms (FindLiveObjects: 0.205600 ms CreateObjectMapping: 0.061900 ms MarkObjects: 1.866700 ms  DeleteObjects: 0.073400 ms)

========================================================================
Received Prepare
Registering precompiled user dll's ...
Registered in 0.000811 seconds.
Begin MonoManager ReloadAssembly
Native extension for WindowsStandalone target not found
Refreshing native plugins compatible for Editor in 0.26 ms, found 0 plugins.
Preloading 0 native plugins for Editor in 0.00 ms.
Mono: successfully reloaded assembly
- Completed reload, in  2.133 seconds
Platform modules already initialized, skipping
Refreshing native plugins compatible for Editor in 0.42 ms, found 0 plugins.
Preloading 0 native plugins for Editor in 0.00 ms.
Unloading 1114 Unused Serialized files (Serialized files now loaded: 0)
System memory in use before: 57.4 MB.
System memory in use after: 57.5 MB.

Unloading 5 unused Assets to reduce memory usage. Loaded Objects now: 1603.
Total: 2.687300 ms (FindLiveObjects: 0.208500 ms CreateObjectMapping: 0.199500 ms MarkObjects: 2.175700 ms  DeleteObjects: 0.101000 ms)

========================================================================
Received Prepare
Registering precompiled user dll's ...
Registered in 0.002733 seconds.
Begin MonoManager ReloadAssembly
Native extension for WindowsStandalone target not found
Refreshing native plugins compatible for Editor in 0.28 ms, found 0 plugins.
Preloading 0 native plugins for Editor in 0.00 ms.
Mono: successfully reloaded assembly
- Completed reload, in  1.835 seconds
Platform modules already initialized, skipping
Refreshing native plugins compatible for Editor in 0.26 ms, found 0 plugins.
Preloading 0 native plugins for Editor in 0.00 ms.
Unloading 1114 Unused Serialized files (Serialized files now loaded: 0)
System memory in use before: 57.4 MB.
System memory in use after: 57.5 MB.

Unloading 5 unused Assets to reduce memory usage. Loaded Objects now: 1606.
Total: 2.692700 ms (FindLiveObjects: 0.449300 ms CreateObjectMapping: 0.081000 ms MarkObjects: 2.061800 ms  DeleteObjects: 0.098200 ms)

========================================================================
Received Prepare
Registering precompiled user dll's ...
Registered in 0.000910 seconds.
Begin MonoManager ReloadAssembly
Native extension for WindowsStandalone target not found
Refreshing native plugins compatible for Editor in 0.31 ms, found 0 plugins.
Preloading 0 native plugins for Editor in 0.00 ms.
Mono: successfully reloaded assembly
- Completed reload, in  1.492 seconds
Platform modules already initialized, skipping
Refreshing native plugins compatible for Editor in 0.27 ms, found 0 plugins.
Preloading 0 native plugins for Editor in 0.00 ms.
Unloading 1114 Unused Serialized files (Serialized files now loaded: 0)
System memory in use before: 57.4 MB.
System memory in use after: 57.5 MB.

Unloading 5 unused Assets to reduce memory usage. Loaded Objects now: 1609.
Total: 1.882500 ms (FindLiveObjects: 0.161200 ms CreateObjectMapping: 0.056800 ms MarkObjects: 1.591700 ms  DeleteObjects: 0.071200 ms)

========================================================================
Received Prepare
Registering precompiled user dll's ...
Registered in 0.003097 seconds.
Begin MonoManager ReloadAssembly
Native extension for WindowsStandalone target not found
Refreshing native plugins compatible for Editor in 0.28 ms, found 0 plugins.
Preloading 0 native plugins for Editor in 0.00 ms.
Mono: successfully reloaded assembly
- Completed reload, in  1.572 seconds
Platform modules already initialized, skipping
Refreshing native plugins compatible for Editor in 0.89 ms, found 0 plugins.
Preloading 0 native plugins for Editor in 0.00 ms.
Unloading 1114 Unused Serialized files (Serialized files now loaded: 0)
System memory in use before: 57.4 MB.
System memory in use after: 57.5 MB.

Unloading 5 unused Assets to reduce memory usage. Loaded Objects now: 1612.
Total: 2.523700 ms (FindLiveObjects: 0.214200 ms CreateObjectMapping: 0.113700 ms MarkObjects: 2.128400 ms  DeleteObjects: 0.065000 ms)

========================================================================
Received Prepare
Registering precompiled user dll's ...
Registered in 0.000654 seconds.
Begin MonoManager ReloadAssembly
Native extension for WindowsStandalone target not found
Refreshing native plugins compatible for Editor in 0.29 ms, found 0 plugins.
Preloading 0 native plugins for Editor in 0.00 ms.
Mono: successfully reloaded assembly
- Completed reload, in  1.297 seconds
Platform modules already initialized, skipping
Refreshing native plugins compatible for Editor in 0.28 ms, found 0 plugins.
Preloading 0 native plugins for Editor in 0.00 ms.
Unloading 1114 Unused Serialized files (Serialized files now loaded: 0)
System memory in use before: 57.4 MB.
System memory in use after: 57.5 MB.

Unloading 5 unused Assets to reduce memory usage. Loaded Objects now: 1615.
Total: 3.075400 ms (FindLiveObjects: 0.239300 ms CreateObjectMapping: 1.099800 ms MarkObjects: 1.649600 ms  DeleteObjects: 0.075100 ms)

========================================================================
Received Prepare
Registering precompiled user dll's ...
Registered in 0.000737 seconds.
Begin MonoManager ReloadAssembly
Native extension for WindowsStandalone target not found
Refreshing native plugins compatible for Editor in 0.70 ms, found 0 plugins.
Preloading 0 native plugins for Editor in 0.00 ms.
Mono: successfully reloaded assembly
- Completed reload, in  1.376 seconds
Platform modules already initialized, skipping
Refreshing native plugins compatible for Editor in 2.39 ms, found 0 plugins.
Preloading 0 native plugins for Editor in 0.00 ms.
Unloading 1114 Unused Serialized files (Serialized files now loaded: 0)
System memory in use before: 57.4 MB.
System memory in use after: 57.5 MB.

Unloading 5 unused Assets to reduce memory usage. Loaded Objects now: 1618.
Total: 1.934800 ms (FindLiveObjects: 0.190200 ms CreateObjectMapping: 0.053900 ms MarkObjects: 1.612600 ms  DeleteObjects: 0.076200 ms)

========================================================================
Received Prepare
Registering precompiled user dll's ...
Registered in 0.000870 seconds.
Begin MonoManager ReloadAssembly
Native extension for WindowsStandalone target not found
Refreshing native plugins compatible for Editor in 0.26 ms, found 0 plugins.
Preloading 0 native plugins for Editor in 0.00 ms.
Mono: successfully reloaded assembly
- Completed reload, in  2.020 seconds
Platform modules already initialized, skipping
Refreshing native plugins compatible for Editor in 0.27 ms, found 0 plugins.
Preloading 0 native plugins for Editor in 0.00 ms.
Unloading 1114 Unused Serialized files (Serialized files now loaded: 0)
System memory in use before: 57.4 MB.
System memory in use after: 57.5 MB.

Unloading 5 unused Assets to reduce memory usage. Loaded Objects now: 1621.
Total: 2.114300 ms (FindLiveObjects: 0.167800 ms CreateObjectMapping: 0.052700 ms MarkObjects: 1.813600 ms  DeleteObjects: 0.078800 ms)

========================================================================
Received Prepare
Registering precompiled user dll's ...
Registered in 0.002025 seconds.
Begin MonoManager ReloadAssembly
Native extension for WindowsStandalone target not found
Refreshing native plugins compatible for Editor in 0.26 ms, found 0 plugins.
Preloading 0 native plugins for Editor in 0.00 ms.
Mono: successfully reloaded assembly
- Completed reload, in  1.303 seconds
Platform modules already initialized, skipping
Refreshing native plugins compatible for Editor in 0.28 ms, found 0 plugins.
Preloading 0 native plugins for Editor in 0.00 ms.
Unloading 1114 Unused Serialized files (Serialized files now loaded: 0)
System memory in use before: 57.4 MB.
System memory in use after: 57.5 MB.

Unloading 5 unused Assets to reduce memory usage. Loaded Objects now: 1624.
Total: 3.993800 ms (FindLiveObjects: 0.347800 ms CreateObjectMapping: 0.093400 ms MarkObjects: 3.478000 ms  DeleteObjects: 0.072100 ms)

========================================================================
Received Prepare
Registering precompiled user dll's ...
Registered in 0.000734 seconds.
Begin MonoManager ReloadAssembly
Native extension for WindowsStandalone target not found
Refreshing native plugins compatible for Editor in 0.26 ms, found 0 plugins.
Preloading 0 native plugins for Editor in 0.00 ms.
Mono: successfully reloaded assembly
- Completed reload, in  1.284 seconds
Platform modules already initialized, skipping
Refreshing native plugins compatible for Editor in 0.33 ms, found 0 plugins.
Preloading 0 native plugins for Editor in 0.00 ms.
Unloading 1114 Unused Serialized files (Serialized files now loaded: 0)
System memory in use before: 57.4 MB.
System memory in use after: 57.5 MB.

Unloading 5 unused Assets to reduce memory usage. Loaded Objects now: 1627.
Total: 2.569700 ms (FindLiveObjects: 0.352900 ms CreateObjectMapping: 0.070400 ms MarkObjects: 2.019500 ms  DeleteObjects: 0.124100 ms)

========================================================================
Received Prepare
Registering precompiled user dll's ...
Registered in 0.001064 seconds.
Begin MonoManager ReloadAssembly
Native extension for WindowsStandalone target not found
Refreshing native plugins compatible for Editor in 0.30 ms, found 0 plugins.
Preloading 0 native plugins for Editor in 0.00 ms.
Mono: successfully reloaded assembly
- Completed reload, in  2.042 seconds
Platform modules already initialized, skipping
Refreshing native plugins compatible for Editor in 0.29 ms, found 0 plugins.
Preloading 0 native plugins for Editor in 0.00 ms.
Unloading 1114 Unused Serialized files (Serialized files now loaded: 0)
System memory in use before: 57.4 MB.
System memory in use after: 57.5 MB.

Unloading 5 unused Assets to reduce memory usage. Loaded Objects now: 1630.
Total: 2.039000 ms (FindLiveObjects: 0.169000 ms CreateObjectMapping: 0.054000 ms MarkObjects: 1.681000 ms  DeleteObjects: 0.133100 ms)

========================================================================
Received Import Request.
  Time since last request: 1092.241524 seconds.
  path: Assets/Prefab/Rocket.prefab
  artifactKey: Guid(b349300d953393342a1d952e79bf0014) Importer(815301076,1909f56bfc062723c751e8b465ee728b)
Start importing Assets/Prefab/Rocket.prefab using Guid(b349300d953393342a1d952e79bf0014) Importer(815301076,1909f56bfc062723c751e8b465ee728b)  -> (artifact id: '3d4d58ae20583c3b1d305e63e89a17f7') in 0.247205 seconds
  Import took 0.251182 seconds .

========================================================================
Received Import Request.
  Time since last request: 7.498091 seconds.
  path: Assets/Scenes/SampleScene.unity
  artifactKey: Guid(9443e84aff4a25f448808367ef67303e) Importer(815301076,1909f56bfc062723c751e8b465ee728b)
Start importing Assets/Scenes/SampleScene.unity using Guid(9443e84aff4a25f448808367ef67303e) Importer(815301076,1909f56bfc062723c751e8b465ee728b)  -> (artifact id: 'c6241407543a2d3b3d8cd49ae3b0781a') in 0.011272 seconds
  Import took 0.014015 seconds .

========================================================================
Received Import Request.
  Time since last request: 0.002601 seconds.
  path: Assets/Scenes/SampleScene.unity
  artifactKey: Guid(9443e84aff4a25f448808367ef67303e) Importer(815301076,1909f56bfc062723c751e8b465ee728b)
Start importing Assets/Scenes/SampleScene.unity using Guid(9443e84aff4a25f448808367ef67303e) Importer(815301076,1909f56bfc062723c751e8b465ee728b)  -> (artifact id: 'c6241407543a2d3b3d8cd49ae3b0781a') in 0.004001 seconds
  Import took 0.007781 seconds .

========================================================================
Received Import Request.
  Time since last request: 6.089313 seconds.
  path: Assets/Prefab/Directional Light.prefab
  artifactKey: Guid(7bafc95690711cb409747be612754521) Importer(815301076,1909f56bfc062723c751e8b465ee728b)
Start importing Assets/Prefab/Directional Light.prefab using Guid(7bafc95690711cb409747be612754521) Importer(815301076,1909f56bfc062723c751e8b465ee728b)  -> (artifact id: 'e32e685857ab5a83ceeacc1a06f56bc0') in 0.012760 seconds
  Import took 0.016142 seconds .

========================================================================
Received Import Request.
  Time since last request: 0.068899 seconds.
  path: Assets/Prefab/Directional Light.prefab
  artifactKey: Guid(7bafc95690711cb409747be612754521) Importer(815301076,1909f56bfc062723c751e8b465ee728b)
Start importing Assets/Prefab/Directional Light.prefab using Guid(7bafc95690711cb409747be612754521) Importer(815301076,1909f56bfc062723c751e8b465ee728b)  -> (artifact id: 'e32e685857ab5a83ceeacc1a06f56bc0') in 0.003719 seconds
  Import took 0.006394 seconds .

========================================================================
Received Import Request.
  Time since last request: 3.084767 seconds.
  path: Assets/Prefab/Main Camera.prefab
  artifactKey: Guid(b9121f5b243eac841ab89904379c5fe4) Importer(815301076,1909f56bfc062723c751e8b465ee728b)
Start importing Assets/Prefab/Main Camera.prefab using Guid(b9121f5b243eac841ab89904379c5fe4) Importer(815301076,1909f56bfc062723c751e8b465ee728b)  -> (artifact id: 'cc7fc80997b9f53e9b0d5988722cdfd2') in 0.012767 seconds
  Import took 0.015602 seconds .

========================================================================
Received Import Request.
  Time since last request: 0.007103 seconds.
  path: Assets/Prefab/Main Camera.prefab
  artifactKey: Guid(b9121f5b243eac841ab89904379c5fe4) Importer(815301076,1909f56bfc062723c751e8b465ee728b)
Start importing Assets/Prefab/Main Camera.prefab using Guid(b9121f5b243eac841ab89904379c5fe4) Importer(815301076,1909f56bfc062723c751e8b465ee728b)  -> (artifact id: 'cc7fc80997b9f53e9b0d5988722cdfd2') in 0.003775 seconds
  Import took 0.006438 seconds .

========================================================================
Received Prepare
Registering precompiled user dll's ...
Registered in 0.000772 seconds.
Begin MonoManager ReloadAssembly
Native extension for WindowsStandalone target not found
Refreshing native plugins compatible for Editor in 0.26 ms, found 0 plugins.
Preloading 0 native plugins for Editor in 0.00 ms.
Mono: successfully reloaded assembly
- Completed reload, in  1.005 seconds
Platform modules already initialized, skipping
Refreshing native plugins compatible for Editor in 0.26 ms, found 0 plugins.
Preloading 0 native plugins for Editor in 0.00 ms.
Unloading 1114 Unused Serialized files (Serialized files now loaded: 0)
System memory in use before: 60.6 MB.
System memory in use after: 60.7 MB.

Unloading 5 unused Assets to reduce memory usage. Loaded Objects now: 1642.
Total: 2.081700 ms (FindLiveObjects: 0.159600 ms CreateObjectMapping: 0.061000 ms MarkObjects: 1.791000 ms  DeleteObjects: 0.068800 ms)

========================================================================
Received Prepare
Registering precompiled user dll's ...
Registered in 0.000735 seconds.
Begin MonoManager ReloadAssembly
Native extension for WindowsStandalone target not found
Refreshing native plugins compatible for Editor in 0.25 ms, found 0 plugins.
Preloading 0 native plugins for Editor in 0.00 ms.
Mono: successfully reloaded assembly
- Completed reload, in  1.008 seconds
Platform modules already initialized, skipping
Refreshing native plugins compatible for Editor in 0.27 ms, found 0 plugins.
Preloading 0 native plugins for Editor in 0.00 ms.
Unloading 1114 Unused Serialized files (Serialized files now loaded: 0)
System memory in use before: 60.6 MB.
System memory in use after: 60.7 MB.

Unloading 5 unused Assets to reduce memory usage. Loaded Objects now: 1645.
Total: 2.300400 ms (FindLiveObjects: 0.214500 ms CreateObjectMapping: 0.075200 ms MarkObjects: 1.947500 ms  DeleteObjects: 0.061600 ms)

========================================================================
Received Prepare
Registering precompiled user dll's ...
Registered in 0.000737 seconds.
Begin MonoManager ReloadAssembly
Native extension for WindowsStandalone target not found
Refreshing native plugins compatible for Editor in 2.57 ms, found 0 plugins.
Preloading 0 native plugins for Editor in 0.00 ms.
Mono: successfully reloaded assembly
- Completed reload, in  1.578 seconds
Platform modules already initialized, skipping
Refreshing native plugins compatible for Editor in 0.26 ms, found 0 plugins.
Preloading 0 native plugins for Editor in 0.00 ms.
Unloading 1114 Unused Serialized files (Serialized files now loaded: 0)
System memory in use before: 60.6 MB.
System memory in use after: 60.7 MB.

Unloading 5 unused Assets to reduce memory usage. Loaded Objects now: 1648.
Total: 2.002400 ms (FindLiveObjects: 0.170400 ms CreateObjectMapping: 0.052300 ms MarkObjects: 1.716200 ms  DeleteObjects: 0.061800 ms)

========================================================================
Received Prepare
Registering precompiled user dll's ...
Registered in 0.000718 seconds.
Begin MonoManager ReloadAssembly
Native extension for WindowsStandalone target not found
Refreshing native plugins compatible for Editor in 0.32 ms, found 0 plugins.
Preloading 0 native plugins for Editor in 0.00 ms.
Mono: successfully reloaded assembly
- Completed reload, in  1.003 seconds
Platform modules already initialized, skipping
Refreshing native plugins compatible for Editor in 0.28 ms, found 0 plugins.
Preloading 0 native plugins for Editor in 0.00 ms.
Unloading 1114 Unused Serialized files (Serialized files now loaded: 0)
System memory in use before: 60.6 MB.
System memory in use after: 60.7 MB.

Unloading 5 unused Assets to reduce memory usage. Loaded Objects now: 1651.
Total: 2.384300 ms (FindLiveObjects: 0.247200 ms CreateObjectMapping: 0.098300 ms MarkObjects: 1.972900 ms  DeleteObjects: 0.064400 ms)

========================================================================
Received Prepare
Registering precompiled user dll's ...
Registered in 0.000774 seconds.
Begin MonoManager ReloadAssembly
Native extension for WindowsStandalone target not found
Refreshing native plugins compatible for Editor in 0.26 ms, found 0 plugins.
Preloading 0 native plugins for Editor in 0.00 ms.
Mono: successfully reloaded assembly
- Completed reload, in  1.018 seconds
Platform modules already initialized, skipping
Refreshing native plugins compatible for Editor in 0.28 ms, found 0 plugins.
Preloading 0 native plugins for Editor in 0.00 ms.
Unloading 1114 Unused Serialized files (Serialized files now loaded: 0)
System memory in use before: 60.6 MB.
System memory in use after: 60.7 MB.

Unloading 5 unused Assets to reduce memory usage. Loaded Objects now: 1654.
Total: 2.358800 ms (FindLiveObjects: 0.223700 ms CreateObjectMapping: 0.092200 ms MarkObjects: 1.973600 ms  DeleteObjects: 0.067400 ms)

========================================================================
Received Prepare
Registering precompiled user dll's ...
Registered in 0.000669 seconds.
Begin MonoManager ReloadAssembly
Native extension for WindowsStandalone target not found
Refreshing native plugins compatible for Editor in 0.26 ms, found 0 plugins.
Preloading 0 native plugins for Editor in 0.00 ms.
Mono: successfully reloaded assembly
- Completed reload, in  0.992 seconds
Platform modules already initialized, skipping
Refreshing native plugins compatible for Editor in 0.32 ms, found 0 plugins.
Preloading 0 native plugins for Editor in 0.00 ms.
Unloading 1114 Unused Serialized files (Serialized files now loaded: 0)
System memory in use before: 60.6 MB.
System memory in use after: 60.7 MB.

Unloading 5 unused Assets to reduce memory usage. Loaded Objects now: 1657.
Total: 2.282000 ms (FindLiveObjects: 0.194400 ms CreateObjectMapping: 0.072200 ms MarkObjects: 1.944100 ms  DeleteObjects: 0.070100 ms)

========================================================================
Received Prepare
Registering precompiled user dll's ...
Registered in 0.000624 seconds.
Begin MonoManager ReloadAssembly
Native extension for WindowsStandalone target not found
Refreshing native plugins compatible for Editor in 0.26 ms, found 0 plugins.
Preloading 0 native plugins for Editor in 0.00 ms.
Mono: successfully reloaded assembly
- Completed reload, in  1.004 seconds
Platform modules already initialized, skipping
Refreshing native plugins compatible for Editor in 0.27 ms, found 0 plugins.
Preloading 0 native plugins for Editor in 0.00 ms.
Unloading 1114 Unused Serialized files (Serialized files now loaded: 0)
System memory in use before: 60.6 MB.
System memory in use after: 60.7 MB.

Unloading 5 unused Assets to reduce memory usage. Loaded Objects now: 1660.
Total: 2.061700 ms (FindLiveObjects: 0.187100 ms CreateObjectMapping: 0.053300 ms MarkObjects: 1.751900 ms  DeleteObjects: 0.067800 ms)

========================================================================
Received Import Request.
  Time since last request: 729.535803 seconds.
  path: Assets/Material/New Lighting Settings.lighting
  artifactKey: Guid(109269c9063b2d34383f5f8a3c627b74) Importer(815301076,1909f56bfc062723c751e8b465ee728b)
Start importing Assets/Material/New Lighting Settings.lighting using Guid(109269c9063b2d34383f5f8a3c627b74) Importer(815301076,1909f56bfc062723c751e8b465ee728b)  -> (artifact id: '0a9d060cefef5e37216707423a6bb972') in 0.023880 seconds
  Import took 0.026705 seconds .

========================================================================
Received Import Request.
  Time since last request: 0.049090 seconds.
  path: Assets/Material/New Lighting Settings.lighting
  artifactKey: Guid(109269c9063b2d34383f5f8a3c627b74) Importer(815301076,1909f56bfc062723c751e8b465ee728b)
Start importing Assets/Material/New Lighting Settings.lighting using Guid(109269c9063b2d34383f5f8a3c627b74) Importer(815301076,1909f56bfc062723c751e8b465ee728b)  -> (artifact id: '0a9d060cefef5e37216707423a6bb972') in 0.010976 seconds
  Import took 0.013695 seconds .

========================================================================
Received Prepare
Registering precompiled user dll's ...
Registered in 0.000664 seconds.
Begin MonoManager ReloadAssembly
Native extension for WindowsStandalone target not found
Refreshing native plugins compatible for Editor in 0.26 ms, found 0 plugins.
Preloading 0 native plugins for Editor in 0.00 ms.
Mono: successfully reloaded assembly
- Completed reload, in  1.021 seconds
Platform modules already initialized, skipping
Refreshing native plugins compatible for Editor in 0.26 ms, found 0 plugins.
Preloading 0 native plugins for Editor in 0.00 ms.
Unloading 1114 Unused Serialized files (Serialized files now loaded: 0)
System memory in use before: 60.7 MB.
System memory in use after: 60.7 MB.

Unloading 5 unused Assets to reduce memory usage. Loaded Objects now: 1663.
Total: 2.584600 ms (FindLiveObjects: 0.168300 ms CreateObjectMapping: 0.066400 ms MarkObjects: 2.285500 ms  DeleteObjects: 0.062900 ms)

========================================================================
Received Import Request.
  Time since last request: 191.155576 seconds.
  path: Assets/Scenes/SampleScene.unity
  artifactKey: Guid(9443e84aff4a25f448808367ef67303e) Importer(815301076,1909f56bfc062723c751e8b465ee728b)
Start importing Assets/Scenes/SampleScene.unity using Guid(9443e84aff4a25f448808367ef67303e) Importer(815301076,1909f56bfc062723c751e8b465ee728b)  -> (artifact id: 'c1125a7c3f1ada9b8099a49fa28e8c2e') in 0.021655 seconds
  Import took 0.025781 seconds .

========================================================================
Received Import Request.
  Time since last request: 1.173729 seconds.
  path: Assets/Scenes/under.unity
  artifactKey: Guid(7d43b479654ffb445a9bc15f0e32eac0) Importer(815301076,1909f56bfc062723c751e8b465ee728b)
Start importing Assets/Scenes/under.unity using Guid(7d43b479654ffb445a9bc15f0e32eac0) Importer(815301076,1909f56bfc062723c751e8b465ee728b)  -> (artifact id: 'f448bc31d9e42fc45284ee8279c12907') in 0.031205 seconds
  Import took 0.041508 seconds .

========================================================================
Received Prepare
Registering precompiled user dll's ...
Registered in 0.000753 seconds.
Begin MonoManager ReloadAssembly
Native extension for WindowsStandalone target not found
Refreshing native plugins compatible for Editor in 0.31 ms, found 0 plugins.
Preloading 0 native plugins for Editor in 0.00 ms.
Mono: successfully reloaded assembly
- Completed reload, in  1.414 seconds
Platform modules already initialized, skipping
Refreshing native plugins compatible for Editor in 0.26 ms, found 0 plugins.
Preloading 0 native plugins for Editor in 0.00 ms.
Unloading 1114 Unused Serialized files (Serialized files now loaded: 0)
System memory in use before: 60.7 MB.
System memory in use after: 60.7 MB.

Unloading 5 unused Assets to reduce memory usage. Loaded Objects now: 1666.
Total: 2.224200 ms (FindLiveObjects: 0.373900 ms CreateObjectMapping: 0.102900 ms MarkObjects: 1.675500 ms  DeleteObjects: 0.070000 ms)

========================================================================
Received Import Request.
  Time since last request: 29.035425 seconds.
  path: Assets/Scenes/SampleScene.unity
  artifactKey: Guid(9443e84aff4a25f448808367ef67303e) Importer(815301076,1909f56bfc062723c751e8b465ee728b)
Start importing Assets/Scenes/SampleScene.unity using Guid(9443e84aff4a25f448808367ef67303e) Importer(815301076,1909f56bfc062723c751e8b465ee728b)  -> (artifact id: '8984735963dd70167f8c005fafaa8356') in 0.019298 seconds
  Import took 0.021999 seconds .

========================================================================
Received Import Request.
  Time since last request: 20.760277 seconds.
  path: Assets/Scenes/under
  artifactKey: Guid(41fd98c54274b2f44b1786c7f22e463b) Importer(815301076,1909f56bfc062723c751e8b465ee728b)
Start importing Assets/Scenes/under using Guid(41fd98c54274b2f44b1786c7f22e463b) Importer(815301076,1909f56bfc062723c751e8b465ee728b)  -> (artifact id: 'd51e6377f853a452346ccead79e3f273') in 0.010484 seconds
  Import took 0.020802 seconds .

========================================================================
Received Import Request.
  Time since last request: 0.119672 seconds.
  path: Assets/Scenes/under/LightingData.asset
  artifactKey: Guid(b6a2bdfb5c8f07c4387c9b1933a48636) Importer(815301076,1909f56bfc062723c751e8b465ee728b)
Start importing Assets/Scenes/under/LightingData.asset using Guid(b6a2bdfb5c8f07c4387c9b1933a48636) Importer(815301076,1909f56bfc062723c751e8b465ee728b)  -> (artifact id: 'ffb04f55046f7785e569641825e1d5ac') in 0.019873 seconds
  Import took 0.024837 seconds .

========================================================================
Received Import Request.
  Time since last request: 0.000054 seconds.
  path: Assets/Scenes/under/ReflectionProbe-0.exr
  artifactKey: Guid(defc101a5ba48534296ea6743096890c) Importer(815301076,1909f56bfc062723c751e8b465ee728b)
Start importing Assets/Scenes/under/ReflectionProbe-0.exr using Guid(defc101a5ba48534296ea6743096890c) Importer(815301076,1909f56bfc062723c751e8b465ee728b)  -> (artifact id: '4d8b7a23087c70851866c26804228a73') in 0.117023 seconds
  Import took 0.121455 seconds .

========================================================================
Received Import Request.
  Time since last request: 3.392221 seconds.
  path: Assets/Scenes/SampleScene
  artifactKey: Guid(b7745352086685646ad41772690994fe) Importer(815301076,1909f56bfc062723c751e8b465ee728b)
Start importing Assets/Scenes/SampleScene using Guid(b7745352086685646ad41772690994fe) Importer(815301076,1909f56bfc062723c751e8b465ee728b)  -> (artifact id: '742ab516df4fde4e0345dbcd99fa063b') in 0.019038 seconds
  Import took 0.021869 seconds .

========================================================================
Received Import Request.
  Time since last request: 0.115432 seconds.
  path: Assets/Scenes/SampleScene/LightingData.asset
  artifactKey: Guid(fc5d8b2523252374b8d2716e72acaeb5) Importer(815301076,1909f56bfc062723c751e8b465ee728b)
Start importing Assets/Scenes/SampleScene/LightingData.asset using Guid(fc5d8b2523252374b8d2716e72acaeb5) Importer(815301076,1909f56bfc062723c751e8b465ee728b)  -> (artifact id: 'abc353cb1a84607e17817e4e09924d50') in 0.003444 seconds
  Import took 0.006192 seconds .

========================================================================
Received Import Request.
  Time since last request: 0.000247 seconds.
  path: Assets/Scenes/SampleScene/ReflectionProbe-0.exr
  artifactKey: Guid(f25244e2dfa767542be25f3d9b4318d7) Importer(815301076,1909f56bfc062723c751e8b465ee728b)
Start importing Assets/Scenes/SampleScene/ReflectionProbe-0.exr using Guid(f25244e2dfa767542be25f3d9b4318d7) Importer(815301076,1909f56bfc062723c751e8b465ee728b)  -> (artifact id: '4be546876ad74d6b0fc9f11f816a2623') in 0.044437 seconds
  Import took 0.046820 seconds .

========================================================================
Received Import Request.
  Time since last request: 19.454532 seconds.
  path: Assets/Scripts/Exit.cs
  artifactKey: Guid(d8d5ffa00c988f348a15441730c22b74) Importer(815301076,1909f56bfc062723c751e8b465ee728b)
Start importing Assets/Scripts/Exit.cs using Guid(d8d5ffa00c988f348a15441730c22b74) Importer(815301076,1909f56bfc062723c751e8b465ee728b)  -> (artifact id: '2302a00b35a0ff5c1770042190b7bd1c') in 0.017259 seconds
  Import took 0.021980 seconds .

========================================================================
Received Import Request.
  Time since last request: 0.038284 seconds.
  path: Assets/Scripts/Exit.cs
  artifactKey: Guid(d8d5ffa00c988f348a15441730c22b74) Importer(815301076,1909f56bfc062723c751e8b465ee728b)
Start importing Assets/Scripts/Exit.cs using Guid(d8d5ffa00c988f348a15441730c22b74) Importer(815301076,1909f56bfc062723c751e8b465ee728b)  -> (artifact id: '2302a00b35a0ff5c1770042190b7bd1c') in 0.011612 seconds
  Import took 0.017487 seconds .

========================================================================
Received Prepare
Registering precompiled user dll's ...
Registered in 0.006161 seconds.
Begin MonoManager ReloadAssembly
Native extension for WindowsStandalone target not found
Refreshing native plugins compatible for Editor in 0.25 ms, found 0 plugins.
Preloading 0 native plugins for Editor in 0.00 ms.
Mono: successfully reloaded assembly
- Completed reload, in  1.327 seconds
Platform modules already initialized, skipping
Refreshing native plugins compatible for Editor in 0.27 ms, found 0 plugins.
Preloading 0 native plugins for Editor in 0.00 ms.
Unloading 1115 Unused Serialized files (Serialized files now loaded: 0)
System memory in use before: 61.0 MB.
System memory in use after: 61.0 MB.

Unloading 5 unused Assets to reduce memory usage. Loaded Objects now: 1696.
Total: 2.004600 ms (FindLiveObjects: 0.170200 ms CreateObjectMapping: 0.054700 ms MarkObjects: 1.702500 ms  DeleteObjects: 0.075600 ms)

========================================================================
Received Import Request.
  Time since last request: 83.529991 seconds.
  path: Assets/Scripts/Exit.cs
  artifactKey: Guid(d8d5ffa00c988f348a15441730c22b74) Importer(815301076,1909f56bfc062723c751e8b465ee728b)
Start importing Assets/Scripts/Exit.cs using Guid(d8d5ffa00c988f348a15441730c22b74) Importer(815301076,1909f56bfc062723c751e8b465ee728b)  -> (artifact id: '4aabf3ff8d00b8f2d8f0dc81be5ca118') in 0.019649 seconds
  Import took 0.024117 seconds .

========================================================================
Received Import Request.
  Time since last request: 0.079675 seconds.
  path: Assets/Scripts/Exit.cs
  artifactKey: Guid(d8d5ffa00c988f348a15441730c22b74) Importer(815301076,1909f56bfc062723c751e8b465ee728b)
Start importing Assets/Scripts/Exit.cs using Guid(d8d5ffa00c988f348a15441730c22b74) Importer(815301076,1909f56bfc062723c751e8b465ee728b)  -> (artifact id: '4aabf3ff8d00b8f2d8f0dc81be5ca118') in 0.023498 seconds
  Import took 0.040192 seconds .

========================================================================
Received Prepare
Registering precompiled user dll's ...
Registered in 0.000787 seconds.
Begin MonoManager ReloadAssembly
Native extension for WindowsStandalone target not found
Refreshing native plugins compatible for Editor in 0.27 ms, found 0 plugins.
Preloading 0 native plugins for Editor in 0.00 ms.
Mono: successfully reloaded assembly
- Completed reload, in  3.139 seconds
Platform modules already initialized, skipping
Refreshing native plugins compatible for Editor in 0.28 ms, found 0 plugins.
Preloading 0 native plugins for Editor in 0.00 ms.
Unloading 1115 Unused Serialized files (Serialized files now loaded: 0)
System memory in use before: 61.0 MB.
System memory in use after: 61.0 MB.

Unloading 5 unused Assets to reduce memory usage. Loaded Objects now: 1699.
Total: 3.537900 ms (FindLiveObjects: 0.189300 ms CreateObjectMapping: 0.059900 ms MarkObjects: 3.210100 ms  DeleteObjects: 0.076100 ms)

========================================================================
Received Import Request.
  Time since last request: 14.165755 seconds.
  path: Assets/Scripts/Exit.cs
  artifactKey: Guid(d8d5ffa00c988f348a15441730c22b74) Importer(815301076,1909f56bfc062723c751e8b465ee728b)
Start importing Assets/Scripts/Exit.cs using Guid(d8d5ffa00c988f348a15441730c22b74) Importer(815301076,1909f56bfc062723c751e8b465ee728b)  -> (artifact id: 'ec6c46ec6cde1a24c23569f57ae887c2') in 0.146143 seconds
  Import took 0.149527 seconds .

========================================================================
Received Import Request.
  Time since last request: 0.094210 seconds.
  path: Assets/Scripts/Exit.cs
  artifactKey: Guid(d8d5ffa00c988f348a15441730c22b74) Importer(815301076,1909f56bfc062723c751e8b465ee728b)
Start importing Assets/Scripts/Exit.cs using Guid(d8d5ffa00c988f348a15441730c22b74) Importer(815301076,1909f56bfc062723c751e8b465ee728b)  -> (artifact id: 'ec6c46ec6cde1a24c23569f57ae887c2') in 0.292193 seconds
  Import took 0.308704 seconds .

========================================================================
Received Prepare
Registering precompiled user dll's ...
Registered in 0.002474 seconds.
Begin MonoManager ReloadAssembly
Native extension for WindowsStandalone target not found
Refreshing native plugins compatible for Editor in 0.28 ms, found 0 plugins.
Preloading 0 native plugins for Editor in 0.00 ms.
Mono: successfully reloaded assembly
- Completed reload, in  1.661 seconds
Platform modules already initialized, skipping
Refreshing native plugins compatible for Editor in 0.28 ms, found 0 plugins.
Preloading 0 native plugins for Editor in 0.00 ms.
Unloading 1115 Unused Serialized files (Serialized files now loaded: 0)
System memory in use before: 61.0 MB.
System memory in use after: 61.0 MB.

Unloading 5 unused Assets to reduce memory usage. Loaded Objects now: 1702.
Total: 2.444300 ms (FindLiveObjects: 0.219700 ms CreateObjectMapping: 0.062300 ms MarkObjects: 2.078800 ms  DeleteObjects: 0.081100 ms)

========================================================================
Received Prepare
Registering precompiled user dll's ...
Registered in 0.000857 seconds.
Begin MonoManager ReloadAssembly
Native extension for WindowsStandalone target not found
Refreshing native plugins compatible for Editor in 0.26 ms, found 0 plugins.
Preloading 0 native plugins for Editor in 0.00 ms.
Mono: successfully reloaded assembly
- Completed reload, in  1.289 seconds
Platform modules already initialized, skipping
Refreshing native plugins compatible for Editor in 0.26 ms, found 0 plugins.
Preloading 0 native plugins for Editor in 0.00 ms.
Unloading 1115 Unused Serialized files (Serialized files now loaded: 0)
System memory in use before: 61.0 MB.
System memory in use after: 61.0 MB.

Unloading 5 unused Assets to reduce memory usage. Loaded Objects now: 1705.
Total: 2.612900 ms (FindLiveObjects: 0.331800 ms CreateObjectMapping: 0.073600 ms MarkObjects: 2.127100 ms  DeleteObjects: 0.077800 ms)

========================================================================
Received Import Request.
  Time since last request: 36.548866 seconds.
  path: Assets/Scripts/Exit.cs
  artifactKey: Guid(d8d5ffa00c988f348a15441730c22b74) Importer(815301076,1909f56bfc062723c751e8b465ee728b)
Start importing Assets/Scripts/Exit.cs using Guid(d8d5ffa00c988f348a15441730c22b74) Importer(815301076,1909f56bfc062723c751e8b465ee728b)  -> (artifact id: 'f53881a41a1cfda75185b3f2afe3c4d3') in 0.004446 seconds
  Import took 0.007389 seconds .

========================================================================
Received Prepare
Registering precompiled user dll's ...
Registered in 0.000794 seconds.
Begin MonoManager ReloadAssembly
Native extension for WindowsStandalone target not found
Refreshing native plugins compatible for Editor in 0.26 ms, found 0 plugins.
Preloading 0 native plugins for Editor in 0.00 ms.
Mono: successfully reloaded assembly
- Completed reload, in  1.062 seconds
Platform modules already initialized, skipping
Refreshing native plugins compatible for Editor in 0.35 ms, found 0 plugins.
Preloading 0 native plugins for Editor in 0.00 ms.
Unloading 1115 Unused Serialized files (Serialized files now loaded: 0)
System memory in use before: 61.0 MB.
System memory in use after: 61.1 MB.

Unloading 5 unused Assets to reduce memory usage. Loaded Objects now: 1708.
Total: 2.321300 ms (FindLiveObjects: 0.208900 ms CreateObjectMapping: 0.074200 ms MarkObjects: 1.969800 ms  DeleteObjects: 0.066200 ms)

========================================================================
Received Prepare
Refreshing native plugins compatible for Editor in 0.88 ms, found 0 plugins.
Preloading 0 native plugins for Editor in 0.00 ms.
Unloading 3 Unused Serialized files (Serialized files now loaded: 0)
System memory in use before: 38.9 MB.
System memory in use after: 39.0 MB.

Unloading 3 unused Assets to reduce memory usage. Loaded Objects now: 1708.
Total: 2.115500 ms (FindLiveObjects: 0.213300 ms CreateObjectMapping: 0.058200 ms MarkObjects: 1.774800 ms  DeleteObjects: 0.067500 ms)

========================================================================
Received Prepare
Registering precompiled user dll's ...
Registered in 0.000680 seconds.
Begin MonoManager ReloadAssembly
Native extension for WindowsStandalone target not found
Refreshing native plugins compatible for Editor in 0.31 ms, found 0 plugins.
Preloading 0 native plugins for Editor in 0.00 ms.
Mono: successfully reloaded assembly
- Completed reload, in  1.005 seconds
Platform modules already initialized, skipping
Refreshing native plugins compatible for Editor in 0.28 ms, found 0 plugins.
Preloading 0 native plugins for Editor in 0.00 ms.
Unloading 1115 Unused Serialized files (Serialized files now loaded: 0)
System memory in use before: 61.1 MB.
System memory in use after: 61.2 MB.

Unloading 5 unused Assets to reduce memory usage. Loaded Objects now: 1711.
Total: 2.194900 ms (FindLiveObjects: 0.192100 ms CreateObjectMapping: 0.057000 ms MarkObjects: 1.876900 ms  DeleteObjects: 0.067200 ms)

AssetImportWorkerClient::OnTransportError - code=2 error=End of file
